2017-08-01 09:48:45.701 [error] <0.2050.0> Supervisor 'Elixir.Logger.Supervisor' had child 'Elixir.Logger.ErrorHandler' started with 'Elixir.Logger.Watcher':start_link({error_logger,'Elixir.Logger.ErrorHandler',{true,false,500}}) at <0.2055.0> exit with reason normal in context child_terminated
2017-08-01 09:48:45.723 [info] <0.33.0> Application lager started on node nonode@nohost
2017-08-01 09:48:45.726 [info] <0.33.0> Application gpb started on node nonode@nohost
2017-08-01 09:48:45.727 [info] <0.33.0> Application exprotobuf started on node nonode@nohost
2017-08-01 09:48:45.728 [info] <0.33.0> Application hpack started on node nonode@nohost
2017-08-01 09:48:45.728 [info] <0.33.0> Application chatterbox started on node nonode@nohost
2017-08-01 09:48:45.730 [info] <0.33.0> Application cowlib started on node nonode@nohost
2017-08-01 09:48:45.736 [info] <0.33.0> Application ranch started on node nonode@nohost
2017-08-01 09:48:45.743 [info] <0.33.0> Application cowboy started on node nonode@nohost
2017-08-01 09:48:45.743 [info] <0.33.0> Application grpc started on node nonode@nohost
2017-08-01 09:48:45.747 [info] <0.33.0> Application unicode_util_compat started on node nonode@nohost
2017-08-01 09:48:45.747 [info] <0.33.0> Application idna started on node nonode@nohost
2017-08-01 09:48:45.748 [info] <0.33.0> Application mimerl started on node nonode@nohost
2017-08-01 09:48:45.749 [info] <0.33.0> Application certifi started on node nonode@nohost
2017-08-01 09:48:45.750 [info] <0.33.0> Application ssl_verify_fun started on node nonode@nohost
2017-08-01 09:48:45.751 [info] <0.33.0> Application metrics started on node nonode@nohost
2017-08-01 09:48:45.760 [info] <0.33.0> Application hackney started on node nonode@nohost
2017-08-01 09:48:45.760 [info] <0.33.0> Application httpoison started on node nonode@nohost
2017-08-01 09:48:45.761 [info] <0.33.0> Application mime started on node nonode@nohost
2017-08-01 09:48:45.761 [info] <0.33.0> Application plug started on node nonode@nohost
2017-08-01 09:49:22.606 [error] <0.173.0> Supervisor 'Elixir.Logger.Supervisor' had child 'Elixir.Logger.ErrorHandler' started with 'Elixir.Logger.Watcher':start_link({error_logger,'Elixir.Logger.ErrorHandler',{true,false,500}}) at <0.178.0> exit with reason normal in context child_terminated
2017-08-01 09:49:22.629 [info] <0.33.0> Application lager started on node nonode@nohost
2017-08-01 09:49:22.633 [info] <0.33.0> Application gpb started on node nonode@nohost
2017-08-01 09:49:22.634 [info] <0.33.0> Application exprotobuf started on node nonode@nohost
2017-08-01 09:49:22.635 [info] <0.33.0> Application hpack started on node nonode@nohost
2017-08-01 09:49:22.635 [info] <0.33.0> Application chatterbox started on node nonode@nohost
2017-08-01 09:49:22.637 [info] <0.33.0> Application cowlib started on node nonode@nohost
2017-08-01 09:49:22.641 [info] <0.33.0> Application ranch started on node nonode@nohost
2017-08-01 09:49:22.643 [info] <0.33.0> Application cowboy started on node nonode@nohost
2017-08-01 09:49:22.643 [info] <0.33.0> Application grpc started on node nonode@nohost
2017-08-01 09:49:22.650 [info] <0.33.0> Application unicode_util_compat started on node nonode@nohost
2017-08-01 09:49:22.650 [info] <0.33.0> Application idna started on node nonode@nohost
2017-08-01 09:49:22.651 [info] <0.33.0> Application mimerl started on node nonode@nohost
2017-08-01 09:49:22.652 [info] <0.33.0> Application certifi started on node nonode@nohost
2017-08-01 09:49:22.653 [info] <0.33.0> Application ssl_verify_fun started on node nonode@nohost
2017-08-01 09:49:22.654 [info] <0.33.0> Application metrics started on node nonode@nohost
2017-08-01 09:49:22.660 [info] <0.33.0> Application hackney started on node nonode@nohost
2017-08-01 09:49:22.660 [info] <0.33.0> Application httpoison started on node nonode@nohost
2017-08-01 09:49:22.661 [info] <0.33.0> Application mime started on node nonode@nohost
2017-08-01 09:49:22.663 [info] <0.33.0> Application plug started on node nonode@nohost
2017-08-01 09:49:42.908 [error] <0.173.0> Supervisor 'Elixir.Logger.Supervisor' had child 'Elixir.Logger.ErrorHandler' started with 'Elixir.Logger.Watcher':start_link({error_logger,'Elixir.Logger.ErrorHandler',{true,false,500}}) at <0.178.0> exit with reason normal in context child_terminated
2017-08-01 09:49:42.930 [info] <0.33.0> Application lager started on node nonode@nohost
2017-08-01 09:49:42.935 [info] <0.33.0> Application gpb started on node nonode@nohost
2017-08-01 09:49:42.935 [info] <0.33.0> Application exprotobuf started on node nonode@nohost
2017-08-01 09:49:42.936 [info] <0.33.0> Application hpack started on node nonode@nohost
2017-08-01 09:49:42.936 [info] <0.33.0> Application chatterbox started on node nonode@nohost
2017-08-01 09:49:42.938 [info] <0.33.0> Application cowlib started on node nonode@nohost
2017-08-01 09:49:42.942 [info] <0.33.0> Application ranch started on node nonode@nohost
2017-08-01 09:49:42.944 [info] <0.33.0> Application cowboy started on node nonode@nohost
2017-08-01 09:49:42.944 [info] <0.33.0> Application grpc started on node nonode@nohost
2017-08-01 09:49:42.951 [info] <0.33.0> Application unicode_util_compat started on node nonode@nohost
2017-08-01 09:49:42.951 [info] <0.33.0> Application idna started on node nonode@nohost
2017-08-01 09:49:42.952 [info] <0.33.0> Application mimerl started on node nonode@nohost
2017-08-01 09:49:42.953 [info] <0.33.0> Application certifi started on node nonode@nohost
2017-08-01 09:49:42.954 [info] <0.33.0> Application ssl_verify_fun started on node nonode@nohost
2017-08-01 09:49:42.956 [info] <0.33.0> Application metrics started on node nonode@nohost
2017-08-01 09:49:42.962 [info] <0.33.0> Application hackney started on node nonode@nohost
2017-08-01 09:49:42.962 [info] <0.33.0> Application httpoison started on node nonode@nohost
2017-08-01 09:49:42.963 [info] <0.33.0> Application mime started on node nonode@nohost
2017-08-01 09:49:42.965 [info] <0.33.0> Application plug started on node nonode@nohost
2017-08-01 09:50:32.519 [error] <0.173.0> Supervisor 'Elixir.Logger.Supervisor' had child 'Elixir.Logger.ErrorHandler' started with 'Elixir.Logger.Watcher':start_link({error_logger,'Elixir.Logger.ErrorHandler',{true,false,500}}) at <0.178.0> exit with reason normal in context child_terminated
2017-08-01 09:50:32.538 [info] <0.33.0> Application lager started on node nonode@nohost
2017-08-01 09:50:32.542 [info] <0.33.0> Application gpb started on node nonode@nohost
2017-08-01 09:50:32.542 [info] <0.33.0> Application exprotobuf started on node nonode@nohost
2017-08-01 09:50:32.544 [info] <0.33.0> Application hpack started on node nonode@nohost
2017-08-01 09:50:32.544 [info] <0.33.0> Application chatterbox started on node nonode@nohost
2017-08-01 09:50:32.546 [info] <0.33.0> Application cowlib started on node nonode@nohost
2017-08-01 09:50:32.550 [info] <0.33.0> Application ranch started on node nonode@nohost
2017-08-01 09:50:32.552 [info] <0.33.0> Application cowboy started on node nonode@nohost
2017-08-01 09:50:32.552 [info] <0.33.0> Application grpc started on node nonode@nohost
2017-08-01 09:50:32.556 [info] <0.33.0> Application unicode_util_compat started on node nonode@nohost
2017-08-01 09:50:32.556 [info] <0.33.0> Application idna started on node nonode@nohost
2017-08-01 09:50:32.559 [info] <0.33.0> Application mimerl started on node nonode@nohost
2017-08-01 09:50:32.561 [info] <0.33.0> Application certifi started on node nonode@nohost
2017-08-01 09:50:32.562 [info] <0.33.0> Application ssl_verify_fun started on node nonode@nohost
2017-08-01 09:50:32.563 [info] <0.33.0> Application metrics started on node nonode@nohost
2017-08-01 09:50:32.570 [info] <0.33.0> Application hackney started on node nonode@nohost
2017-08-01 09:50:32.570 [info] <0.33.0> Application httpoison started on node nonode@nohost
2017-08-01 09:50:32.571 [info] <0.33.0> Application mime started on node nonode@nohost
2017-08-01 09:50:32.573 [info] <0.33.0> Application plug started on node nonode@nohost
2017-08-01 09:50:58.047 [error] <0.173.0> Supervisor 'Elixir.Logger.Supervisor' had child 'Elixir.Logger.ErrorHandler' started with 'Elixir.Logger.Watcher':start_link({error_logger,'Elixir.Logger.ErrorHandler',{true,false,500}}) at <0.178.0> exit with reason normal in context child_terminated
2017-08-01 09:50:58.069 [info] <0.33.0> Application lager started on node nonode@nohost
2017-08-01 09:50:58.073 [info] <0.33.0> Application gpb started on node nonode@nohost
2017-08-01 09:50:58.073 [info] <0.33.0> Application exprotobuf started on node nonode@nohost
2017-08-01 09:50:58.074 [info] <0.33.0> Application hpack started on node nonode@nohost
2017-08-01 09:50:58.075 [info] <0.33.0> Application chatterbox started on node nonode@nohost
2017-08-01 09:50:58.076 [info] <0.33.0> Application cowlib started on node nonode@nohost
2017-08-01 09:50:58.080 [info] <0.33.0> Application ranch started on node nonode@nohost
2017-08-01 09:50:58.082 [info] <0.33.0> Application cowboy started on node nonode@nohost
2017-08-01 09:50:58.082 [info] <0.33.0> Application grpc started on node nonode@nohost
2017-08-01 09:50:58.089 [info] <0.33.0> Application unicode_util_compat started on node nonode@nohost
2017-08-01 09:50:58.089 [info] <0.33.0> Application idna started on node nonode@nohost
2017-08-01 09:50:58.092 [info] <0.33.0> Application mimerl started on node nonode@nohost
2017-08-01 09:50:58.093 [info] <0.33.0> Application certifi started on node nonode@nohost
2017-08-01 09:50:58.095 [info] <0.33.0> Application ssl_verify_fun started on node nonode@nohost
2017-08-01 09:50:58.096 [info] <0.33.0> Application metrics started on node nonode@nohost
2017-08-01 09:50:58.104 [info] <0.33.0> Application hackney started on node nonode@nohost
2017-08-01 09:50:58.104 [info] <0.33.0> Application httpoison started on node nonode@nohost
2017-08-01 09:50:58.105 [info] <0.33.0> Application mime started on node nonode@nohost
2017-08-01 09:50:58.107 [info] <0.33.0> Application plug started on node nonode@nohost
2017-08-01 09:51:26.467 [error] <0.173.0> Supervisor 'Elixir.Logger.Supervisor' had child 'Elixir.Logger.ErrorHandler' started with 'Elixir.Logger.Watcher':start_link({error_logger,'Elixir.Logger.ErrorHandler',{true,false,500}}) at <0.178.0> exit with reason normal in context child_terminated
2017-08-01 09:51:26.488 [info] <0.33.0> Application lager started on node nonode@nohost
2017-08-01 09:51:26.493 [info] <0.33.0> Application gpb started on node nonode@nohost
2017-08-01 09:51:26.493 [info] <0.33.0> Application exprotobuf started on node nonode@nohost
2017-08-01 09:51:26.496 [info] <0.33.0> Application hpack started on node nonode@nohost
2017-08-01 09:51:26.496 [info] <0.33.0> Application chatterbox started on node nonode@nohost
2017-08-01 09:51:26.497 [info] <0.33.0> Application cowlib started on node nonode@nohost
2017-08-01 09:51:26.501 [info] <0.33.0> Application ranch started on node nonode@nohost
2017-08-01 09:51:26.503 [info] <0.33.0> Application cowboy started on node nonode@nohost
2017-08-01 09:51:26.503 [info] <0.33.0> Application grpc started on node nonode@nohost
2017-08-01 09:51:26.509 [info] <0.33.0> Application unicode_util_compat started on node nonode@nohost
2017-08-01 09:51:26.509 [info] <0.33.0> Application idna started on node nonode@nohost
2017-08-01 09:51:26.511 [info] <0.33.0> Application mimerl started on node nonode@nohost
2017-08-01 09:51:26.512 [info] <0.33.0> Application certifi started on node nonode@nohost
2017-08-01 09:51:26.513 [info] <0.33.0> Application ssl_verify_fun started on node nonode@nohost
2017-08-01 09:51:26.515 [info] <0.33.0> Application metrics started on node nonode@nohost
2017-08-01 09:51:26.521 [info] <0.33.0> Application hackney started on node nonode@nohost
2017-08-01 09:51:26.521 [info] <0.33.0> Application httpoison started on node nonode@nohost
2017-08-01 09:51:26.523 [info] <0.33.0> Application mime started on node nonode@nohost
2017-08-01 09:51:26.524 [info] <0.33.0> Application plug started on node nonode@nohost
2017-08-01 09:52:23.568 [error] <0.173.0> Supervisor 'Elixir.Logger.Supervisor' had child 'Elixir.Logger.ErrorHandler' started with 'Elixir.Logger.Watcher':start_link({error_logger,'Elixir.Logger.ErrorHandler',{true,false,500}}) at <0.178.0> exit with reason normal in context child_terminated
2017-08-01 09:52:23.585 [info] <0.33.0> Application lager started on node nonode@nohost
2017-08-01 09:52:23.589 [info] <0.33.0> Application gpb started on node nonode@nohost
2017-08-01 09:52:23.589 [info] <0.33.0> Application exprotobuf started on node nonode@nohost
2017-08-01 09:52:23.592 [info] <0.33.0> Application hpack started on node nonode@nohost
2017-08-01 09:52:23.592 [info] <0.33.0> Application chatterbox started on node nonode@nohost
2017-08-01 09:52:23.593 [info] <0.33.0> Application cowlib started on node nonode@nohost
2017-08-01 09:52:23.598 [info] <0.33.0> Application ranch started on node nonode@nohost
2017-08-01 09:52:23.600 [info] <0.33.0> Application cowboy started on node nonode@nohost
2017-08-01 09:52:23.600 [info] <0.33.0> Application grpc started on node nonode@nohost
2017-08-01 09:52:23.607 [info] <0.33.0> Application unicode_util_compat started on node nonode@nohost
2017-08-01 09:52:23.607 [info] <0.33.0> Application idna started on node nonode@nohost
2017-08-01 09:52:23.609 [info] <0.33.0> Application mimerl started on node nonode@nohost
2017-08-01 09:52:23.610 [info] <0.33.0> Application certifi started on node nonode@nohost
2017-08-01 09:52:23.611 [info] <0.33.0> Application ssl_verify_fun started on node nonode@nohost
2017-08-01 09:52:23.612 [info] <0.33.0> Application metrics started on node nonode@nohost
2017-08-01 09:52:23.618 [info] <0.33.0> Application hackney started on node nonode@nohost
2017-08-01 09:52:23.618 [info] <0.33.0> Application httpoison started on node nonode@nohost
2017-08-01 09:52:23.620 [info] <0.33.0> Application mime started on node nonode@nohost
2017-08-01 09:52:23.622 [info] <0.33.0> Application plug started on node nonode@nohost
2017-08-01 09:52:58.968 [error] <0.173.0> Supervisor 'Elixir.Logger.Supervisor' had child 'Elixir.Logger.ErrorHandler' started with 'Elixir.Logger.Watcher':start_link({error_logger,'Elixir.Logger.ErrorHandler',{true,false,500}}) at <0.178.0> exit with reason normal in context child_terminated
2017-08-01 09:52:58.985 [info] <0.33.0> Application lager started on node nonode@nohost
2017-08-01 09:52:58.988 [info] <0.33.0> Application gpb started on node nonode@nohost
2017-08-01 09:52:58.988 [info] <0.33.0> Application exprotobuf started on node nonode@nohost
2017-08-01 09:52:58.991 [info] <0.33.0> Application hpack started on node nonode@nohost
2017-08-01 09:52:58.991 [info] <0.33.0> Application chatterbox started on node nonode@nohost
2017-08-01 09:52:58.992 [info] <0.33.0> Application cowlib started on node nonode@nohost
2017-08-01 09:52:58.996 [info] <0.33.0> Application ranch started on node nonode@nohost
2017-08-01 09:52:58.998 [info] <0.33.0> Application cowboy started on node nonode@nohost
2017-08-01 09:52:58.998 [info] <0.33.0> Application grpc started on node nonode@nohost
2017-08-01 09:52:59.004 [info] <0.33.0> Application unicode_util_compat started on node nonode@nohost
2017-08-01 09:52:59.004 [info] <0.33.0> Application idna started on node nonode@nohost
2017-08-01 09:52:59.007 [info] <0.33.0> Application mimerl started on node nonode@nohost
2017-08-01 09:52:59.008 [info] <0.33.0> Application certifi started on node nonode@nohost
2017-08-01 09:52:59.009 [info] <0.33.0> Application ssl_verify_fun started on node nonode@nohost
2017-08-01 09:52:59.011 [info] <0.33.0> Application metrics started on node nonode@nohost
2017-08-01 09:52:59.017 [info] <0.33.0> Application hackney started on node nonode@nohost
2017-08-01 09:52:59.017 [info] <0.33.0> Application httpoison started on node nonode@nohost
2017-08-01 09:52:59.019 [info] <0.33.0> Application mime started on node nonode@nohost
2017-08-01 09:52:59.021 [info] <0.33.0> Application plug started on node nonode@nohost
2017-08-01 09:54:11.433 [error] <0.173.0> Supervisor 'Elixir.Logger.Supervisor' had child 'Elixir.Logger.ErrorHandler' started with 'Elixir.Logger.Watcher':start_link({error_logger,'Elixir.Logger.ErrorHandler',{true,false,500}}) at <0.178.0> exit with reason normal in context child_terminated
2017-08-01 09:54:11.447 [info] <0.33.0> Application lager started on node nonode@nohost
2017-08-01 09:54:11.450 [info] <0.33.0> Application gpb started on node nonode@nohost
2017-08-01 09:54:11.450 [info] <0.33.0> Application exprotobuf started on node nonode@nohost
2017-08-01 09:54:11.453 [info] <0.33.0> Application hpack started on node nonode@nohost
2017-08-01 09:54:11.453 [info] <0.33.0> Application chatterbox started on node nonode@nohost
2017-08-01 09:54:11.454 [info] <0.33.0> Application cowlib started on node nonode@nohost
2017-08-01 09:54:11.458 [info] <0.33.0> Application ranch started on node nonode@nohost
2017-08-01 09:54:11.460 [info] <0.33.0> Application cowboy started on node nonode@nohost
2017-08-01 09:54:11.460 [info] <0.33.0> Application grpc started on node nonode@nohost
2017-08-01 09:54:11.464 [info] <0.33.0> Application unicode_util_compat started on node nonode@nohost
2017-08-01 09:54:11.465 [info] <0.33.0> Application idna started on node nonode@nohost
2017-08-01 09:54:11.467 [info] <0.33.0> Application mimerl started on node nonode@nohost
2017-08-01 09:54:11.469 [info] <0.33.0> Application certifi started on node nonode@nohost
2017-08-01 09:54:11.470 [info] <0.33.0> Application ssl_verify_fun started on node nonode@nohost
2017-08-01 09:54:11.471 [info] <0.33.0> Application metrics started on node nonode@nohost
2017-08-01 09:54:11.477 [info] <0.33.0> Application hackney started on node nonode@nohost
2017-08-01 09:54:11.477 [info] <0.33.0> Application httpoison started on node nonode@nohost
2017-08-01 09:54:11.478 [info] <0.33.0> Application mime started on node nonode@nohost
2017-08-01 09:54:11.480 [info] <0.33.0> Application plug started on node nonode@nohost
2017-08-01 09:54:30.568 [error] <0.173.0> Supervisor 'Elixir.Logger.Supervisor' had child 'Elixir.Logger.ErrorHandler' started with 'Elixir.Logger.Watcher':start_link({error_logger,'Elixir.Logger.ErrorHandler',{true,false,500}}) at <0.178.0> exit with reason normal in context child_terminated
2017-08-01 09:54:30.589 [info] <0.33.0> Application lager started on node nonode@nohost
2017-08-01 09:54:30.593 [info] <0.33.0> Application gpb started on node nonode@nohost
2017-08-01 09:54:30.593 [info] <0.33.0> Application exprotobuf started on node nonode@nohost
2017-08-01 09:54:30.595 [info] <0.33.0> Application hpack started on node nonode@nohost
2017-08-01 09:54:30.595 [info] <0.33.0> Application chatterbox started on node nonode@nohost
2017-08-01 09:54:30.596 [info] <0.33.0> Application cowlib started on node nonode@nohost
2017-08-01 09:54:30.600 [info] <0.33.0> Application ranch started on node nonode@nohost
2017-08-01 09:54:30.602 [info] <0.33.0> Application cowboy started on node nonode@nohost
2017-08-01 09:54:30.602 [info] <0.33.0> Application grpc started on node nonode@nohost
2017-08-01 09:54:30.609 [info] <0.33.0> Application unicode_util_compat started on node nonode@nohost
2017-08-01 09:54:30.609 [info] <0.33.0> Application idna started on node nonode@nohost
2017-08-01 09:54:30.611 [info] <0.33.0> Application mimerl started on node nonode@nohost
2017-08-01 09:54:30.612 [info] <0.33.0> Application certifi started on node nonode@nohost
2017-08-01 09:54:30.613 [info] <0.33.0> Application ssl_verify_fun started on node nonode@nohost
2017-08-01 09:54:30.615 [info] <0.33.0> Application metrics started on node nonode@nohost
2017-08-01 09:54:30.622 [info] <0.33.0> Application hackney started on node nonode@nohost
2017-08-01 09:54:30.622 [info] <0.33.0> Application httpoison started on node nonode@nohost
2017-08-01 09:54:30.623 [info] <0.33.0> Application mime started on node nonode@nohost
2017-08-01 09:54:30.625 [info] <0.33.0> Application plug started on node nonode@nohost
2017-08-01 09:54:40.025 [error] <0.173.0> Supervisor 'Elixir.Logger.Supervisor' had child 'Elixir.Logger.ErrorHandler' started with 'Elixir.Logger.Watcher':start_link({error_logger,'Elixir.Logger.ErrorHandler',{true,false,500}}) at <0.178.0> exit with reason normal in context child_terminated
2017-08-01 09:54:40.046 [info] <0.33.0> Application lager started on node nonode@nohost
2017-08-01 09:54:40.051 [info] <0.33.0> Application gpb started on node nonode@nohost
2017-08-01 09:54:40.051 [info] <0.33.0> Application exprotobuf started on node nonode@nohost
2017-08-01 09:54:40.053 [info] <0.33.0> Application hpack started on node nonode@nohost
2017-08-01 09:54:40.054 [info] <0.33.0> Application chatterbox started on node nonode@nohost
2017-08-01 09:54:40.055 [info] <0.33.0> Application cowlib started on node nonode@nohost
2017-08-01 09:54:40.060 [info] <0.33.0> Application ranch started on node nonode@nohost
2017-08-01 09:54:40.062 [info] <0.33.0> Application cowboy started on node nonode@nohost
2017-08-01 09:54:40.062 [info] <0.33.0> Application grpc started on node nonode@nohost
2017-08-01 09:54:40.070 [info] <0.33.0> Application unicode_util_compat started on node nonode@nohost
2017-08-01 09:54:40.070 [info] <0.33.0> Application idna started on node nonode@nohost
2017-08-01 09:54:40.071 [info] <0.33.0> Application mimerl started on node nonode@nohost
2017-08-01 09:54:40.072 [info] <0.33.0> Application certifi started on node nonode@nohost
2017-08-01 09:54:40.074 [info] <0.33.0> Application ssl_verify_fun started on node nonode@nohost
2017-08-01 09:54:40.075 [info] <0.33.0> Application metrics started on node nonode@nohost
2017-08-01 09:54:40.081 [info] <0.33.0> Application hackney started on node nonode@nohost
2017-08-01 09:54:40.081 [info] <0.33.0> Application httpoison started on node nonode@nohost
2017-08-01 09:54:40.082 [info] <0.33.0> Application mime started on node nonode@nohost
2017-08-01 09:54:40.084 [info] <0.33.0> Application plug started on node nonode@nohost
