2017-08-01 09:48:45 =SUPERVISOR REPORT====
     Supervisor: {local,'Elixir.Logger.Supervisor'}
     Context:    child_terminated
     Reason:     normal
     Offender:   [{pid,<0.2055.0>},{id,'Elixir.Logger.ErrorHandler'},{mfargs,{'Elixir.Logger.Watcher',start_link,[{error_logger,'Elixir.Logger.ErrorHandler',{true,false,500}}]}},{restart_type,permanent},{shutdown,5000},{child_type,worker}]

2017-08-01 09:49:22 =SUPERVISOR REPORT====
     Supervisor: {local,'Elixir.Logger.Supervisor'}
     Context:    child_terminated
     Reason:     normal
     Offender:   [{pid,<0.178.0>},{id,'Elixir.Logger.ErrorHandler'},{mfargs,{'Elixir.Logger.Watcher',start_link,[{error_logger,'Elixir.Logger.ErrorHandler',{true,false,500}}]}},{restart_type,permanent},{shutdown,5000},{child_type,worker}]

2017-08-01 09:49:42 =SUPERVISOR REPORT====
     Supervisor: {local,'Elixir.Logger.Supervisor'}
     Context:    child_terminated
     Reason:     normal
     Offender:   [{pid,<0.178.0>},{id,'Elixir.Logger.ErrorHandler'},{mfargs,{'Elixir.Logger.Watcher',start_link,[{error_logger,'Elixir.Logger.ErrorHandler',{true,false,500}}]}},{restart_type,permanent},{shutdown,5000},{child_type,worker}]

2017-08-01 09:50:32 =SUPERVISOR REPORT====
     Supervisor: {local,'Elixir.Logger.Supervisor'}
     Context:    child_terminated
     Reason:     normal
     Offender:   [{pid,<0.178.0>},{id,'Elixir.Logger.ErrorHandler'},{mfargs,{'Elixir.Logger.Watcher',start_link,[{error_logger,'Elixir.Logger.ErrorHandler',{true,false,500}}]}},{restart_type,permanent},{shutdown,5000},{child_type,worker}]

2017-08-01 09:50:58 =SUPERVISOR REPORT====
     Supervisor: {local,'Elixir.Logger.Supervisor'}
     Context:    child_terminated
     Reason:     normal
     Offender:   [{pid,<0.178.0>},{id,'Elixir.Logger.ErrorHandler'},{mfargs,{'Elixir.Logger.Watcher',start_link,[{error_logger,'Elixir.Logger.ErrorHandler',{true,false,500}}]}},{restart_type,permanent},{shutdown,5000},{child_type,worker}]

2017-08-01 09:51:26 =SUPERVISOR REPORT====
     Supervisor: {local,'Elixir.Logger.Supervisor'}
     Context:    child_terminated
     Reason:     normal
     Offender:   [{pid,<0.178.0>},{id,'Elixir.Logger.ErrorHandler'},{mfargs,{'Elixir.Logger.Watcher',start_link,[{error_logger,'Elixir.Logger.ErrorHandler',{true,false,500}}]}},{restart_type,permanent},{shutdown,5000},{child_type,worker}]

2017-08-01 09:52:23 =SUPERVISOR REPORT====
     Supervisor: {local,'Elixir.Logger.Supervisor'}
     Context:    child_terminated
     Reason:     normal
     Offender:   [{pid,<0.178.0>},{id,'Elixir.Logger.ErrorHandler'},{mfargs,{'Elixir.Logger.Watcher',start_link,[{error_logger,'Elixir.Logger.ErrorHandler',{true,false,500}}]}},{restart_type,permanent},{shutdown,5000},{child_type,worker}]

2017-08-01 09:52:58 =SUPERVISOR REPORT====
     Supervisor: {local,'Elixir.Logger.Supervisor'}
     Context:    child_terminated
     Reason:     normal
     Offender:   [{pid,<0.178.0>},{id,'Elixir.Logger.ErrorHandler'},{mfargs,{'Elixir.Logger.Watcher',start_link,[{error_logger,'Elixir.Logger.ErrorHandler',{true,false,500}}]}},{restart_type,permanent},{shutdown,5000},{child_type,worker}]

2017-08-01 09:54:11 =SUPERVISOR REPORT====
     Supervisor: {local,'Elixir.Logger.Supervisor'}
     Context:    child_terminated
     Reason:     normal
     Offender:   [{pid,<0.178.0>},{id,'Elixir.Logger.ErrorHandler'},{mfargs,{'Elixir.Logger.Watcher',start_link,[{error_logger,'Elixir.Logger.ErrorHandler',{true,false,500}}]}},{restart_type,permanent},{shutdown,5000},{child_type,worker}]

2017-08-01 09:54:30 =SUPERVISOR REPORT====
     Supervisor: {local,'Elixir.Logger.Supervisor'}
     Context:    child_terminated
     Reason:     normal
     Offender:   [{pid,<0.178.0>},{id,'Elixir.Logger.ErrorHandler'},{mfargs,{'Elixir.Logger.Watcher',start_link,[{error_logger,'Elixir.Logger.ErrorHandler',{true,false,500}}]}},{restart_type,permanent},{shutdown,5000},{child_type,worker}]

2017-08-01 09:54:40 =SUPERVISOR REPORT====
     Supervisor: {local,'Elixir.Logger.Supervisor'}
     Context:    child_terminated
     Reason:     normal
     Offender:   [{pid,<0.178.0>},{id,'Elixir.Logger.ErrorHandler'},{mfargs,{'Elixir.Logger.Watcher',start_link,[{error_logger,'Elixir.Logger.ErrorHandler',{true,false,500}}]}},{restart_type,permanent},{shutdown,5000},{child_type,worker}]

